building the system configuration...
warning: Git tree '/Users/daniel/dotfiles.nix' is dirty
user defaults...
restarting Dock...
Homebrew bundle...
####                                                                                                                                                      3.0%##########################                                                                                                                               17.7%#################################################                                                                                                        32.7%#################################################                                                                                                        33.0%################################################################################################                                                         63.9%#######################################################################################################################                                  78.9%############################################################################################################################################             93.2%####################################################################################################################################################### 100.0%
###########                                                                                                                                               7.3%#########################################################################                                                                                48.7%#######################################################################################################################################                  90.0%####################################################################################################################################################### 100.0%
setting up /Applications/Nix Apps...
setting up pam...
applying patches...
setting up /etc...
system defaults...
setting up launchd services...
reloading nix-daemon...
waiting for nix-daemon
configuring time...
configuring networking...
configuring power...
setting up /Library/Fonts/Nix Fonts...
setting nvram variables...
